[2022-09-02 18:09:30.721] [exthost] [info] Extension host with pid 5040 started
[2022-09-02 18:09:30.746] [exthost] [info] Lock '/home/ubuntu/.vscode-server/data/User/workspaceStorage/e00fea5cf4fc160fab63f3f91bf61c6c/vscode.lock': Lock acquired.
[2022-09-02 18:09:31.006] [exthost] [info] ExtensionService#_doActivateExtension vscode.debug-auto-launch, startup: true, activationEvent: '*'
[2022-09-02 18:09:31.014] [exthost] [info] ExtensionService#_doActivateExtension vscode.git-base, startup: true, activationEvent: '*', root cause: vscode.git
[2022-09-02 18:09:31.021] [exthost] [info] ExtensionService#_doActivateExtension vscode.ipynb, startup: true, activationEvent: '*'
[2022-09-02 18:09:31.043] [exthost] [info] ExtensionService#_doActivateExtension redhat.vscode-yaml, startup: true, activationEvent: '*', root cause: mindaro.mindaro
[2022-09-02 18:09:31.184] [exthost] [info] ExtensionService#_doActivateExtension mindaro-dev.file-downloader, startup: true, activationEvent: '*', root cause: mindaro.mindaro
[2022-09-02 18:09:31.851] [exthost] [info] ExtensionService#_doActivateExtension vscode.git, startup: true, activationEvent: '*'
[2022-09-02 18:09:31.962] [exthost] [info] ExtensionService#_doActivateExtension vscode.github, startup: true, activationEvent: '*'
[2022-09-02 18:09:32.015] [exthost] [info] ExtensionService#_doActivateExtension ms-kubernetes-tools.vscode-kubernetes-tools, startup: true, activationEvent: '*', root cause: mindaro.mindaro
[2022-09-02 18:09:33.303] [exthost] [info] ExtensionService#_doActivateExtension mindaro.mindaro, startup: true, activationEvent: '*'
[2022-09-02 18:09:33.848] [exthost] [warning] [redhat.vscode-yaml] Accessing a resource scoped configuration without providing a resource is not expected. To get the effective value for '[yaml]', provide the URI of a resource or 'null' for any resource.
[2022-09-02 18:09:33.968] [exthost] [warning] [redhat.vscode-yaml] Accessing a resource scoped configuration without providing a resource is not expected. To get the effective value for '[yaml]', provide the URI of a resource or 'null' for any resource.
[2022-09-02 18:09:35.149] [exthost] [warning] [redhat.vscode-yaml] Accessing a resource scoped configuration without providing a resource is not expected. To get the effective value for '[yaml]', provide the URI of a resource or 'null' for any resource.
[2022-09-02 18:09:35.271] [exthost] [warning] [redhat.vscode-yaml] Accessing a resource scoped configuration without providing a resource is not expected. To get the effective value for '[yaml]', provide the URI of a resource or 'null' for any resource.
[2022-09-02 18:09:35.275] [exthost] [warning] [redhat.vscode-yaml] Accessing a resource scoped configuration without providing a resource is not expected. To get the effective value for '[yaml]', provide the URI of a resource or 'null' for any resource.
[2022-09-02 18:09:38.825] [exthost] [info] ExtensionService#_doActivateExtension vscode.emmet, startup: false, activationEvent: 'onStartupFinished'
[2022-09-02 18:09:38.871] [exthost] [info] ExtensionService#_doActivateExtension vscode.merge-conflict, startup: false, activationEvent: 'onStartupFinished'
[2022-09-02 18:09:38.897] [exthost] [info] Eager extensions activated
[2022-09-02 19:49:47.477] [exthost] [warning] [Decorations] CAPPING events from decorations provider vscode.git 2785
[2022-09-02 19:49:48.950] [exthost] [warning] [Decorations] CAPPING events from decorations provider vscode.git 2785
[2022-09-02 19:49:51.069] [exthost] [warning] [Decorations] CAPPING events from decorations provider vscode.git 2785
[2022-09-02 19:49:55.665] [exthost] [warning] [Decorations] CAPPING events from decorations provider vscode.git 2785
[2022-09-02 19:50:03.000] [exthost] [warning] [Decorations] CAPPING events from decorations provider vscode.git 2785
[2022-09-02 19:50:08.186] [exthost] [warning] [Decorations] CAPPING events from decorations provider vscode.git 2785
[2022-09-02 19:50:13.444] [exthost] [warning] [Decorations] CAPPING events from decorations provider vscode.git 2785
[2022-09-02 19:50:21.213] [exthost] [warning] [Decorations] CAPPING events from decorations provider vscode.git 2785
[2022-09-02 19:50:26.410] [exthost] [warning] [Decorations] CAPPING events from decorations provider vscode.git 2785
[2022-09-02 19:50:31.989] [exthost] [warning] [Decorations] CAPPING events from decorations provider vscode.git 2785
[2022-09-02 19:50:39.072] [exthost] [warning] [Decorations] CAPPING events from decorations provider vscode.git 2785
[2022-09-02 19:50:44.269] [exthost] [warning] [Decorations] CAPPING events from decorations provider vscode.git 2785
[2022-09-02 19:50:49.506] [exthost] [warning] [Decorations] CAPPING events from decorations provider vscode.git 2785
[2022-09-02 19:50:54.717] [exthost] [warning] [Decorations] CAPPING events from decorations provider vscode.git 2785
[2022-09-02 19:50:59.998] [exthost] [warning] [Decorations] CAPPING events from decorations provider vscode.git 2785
[2022-09-02 19:51:05.209] [exthost] [warning] [Decorations] CAPPING events from decorations provider vscode.git 2785
[2022-09-02 19:51:10.388] [exthost] [warning] [Decorations] CAPPING events from decorations provider vscode.git 2785
[2022-09-02 19:51:15.653] [exthost] [warning] [Decorations] CAPPING events from decorations provider vscode.git 2785
[2022-09-02 19:51:22.730] [exthost] [warning] [Decorations] CAPPING events from decorations provider vscode.git 2785
[2022-09-02 19:51:27.942] [exthost] [warning] [Decorations] CAPPING events from decorations provider vscode.git 2785
[2022-09-02 19:51:35.099] [exthost] [warning] [Decorations] CAPPING events from decorations provider vscode.git 2785
[2022-09-02 19:51:42.099] [exthost] [warning] [Decorations] CAPPING events from decorations provider vscode.git 2785
[2022-09-02 19:51:47.276] [exthost] [warning] [Decorations] CAPPING events from decorations provider vscode.git 2785
[2022-09-02 19:51:52.435] [exthost] [warning] [Decorations] CAPPING events from decorations provider vscode.git 2785
[2022-09-02 19:51:57.606] [exthost] [warning] [Decorations] CAPPING events from decorations provider vscode.git 2785
[2022-09-02 19:52:02.791] [exthost] [warning] [Decorations] CAPPING events from decorations provider vscode.git 2785
[2022-09-02 19:52:07.949] [exthost] [warning] [Decorations] CAPPING events from decorations provider vscode.git 2785
[2022-09-02 19:52:13.216] [exthost] [warning] [Decorations] CAPPING events from decorations provider vscode.git 2785
[2022-09-02 19:52:20.354] [exthost] [warning] [Decorations] CAPPING events from decorations provider vscode.git 2785
[2022-09-02 19:52:25.527] [exthost] [warning] [Decorations] CAPPING events from decorations provider vscode.git 2785
[2022-09-02 19:52:30.715] [exthost] [warning] [Decorations] CAPPING events from decorations provider vscode.git 2785
[2022-09-02 19:52:35.875] [exthost] [warning] [Decorations] CAPPING events from decorations provider vscode.git 2785
[2022-09-02 19:52:41.059] [exthost] [warning] [Decorations] CAPPING events from decorations provider vscode.git 2785
[2022-09-02 19:52:46.244] [exthost] [warning] [Decorations] CAPPING events from decorations provider vscode.git 2785
[2022-09-02 19:52:49.210] [exthost] [warning] [Decorations] CAPPING events from decorations provider vscode.git 2785
[2022-09-02 19:52:51.436] [exthost] [warning] [Decorations] CAPPING events from decorations provider vscode.git 2785
[2022-09-02 19:52:56.622] [exthost] [warning] [Decorations] CAPPING events from decorations provider vscode.git 2785
[2022-09-02 19:53:02.110] [exthost] [warning] [Decorations] CAPPING events from decorations provider vscode.git 2785
[2022-09-02 19:53:09.145] [exthost] [warning] [Decorations] CAPPING events from decorations provider vscode.git 2785
[2022-09-02 19:53:14.415] [exthost] [warning] [Decorations] CAPPING events from decorations provider vscode.git 2785
[2022-09-02 19:53:21.744] [exthost] [warning] [Decorations] CAPPING events from decorations provider vscode.git 2785
[2022-09-02 19:53:26.957] [exthost] [warning] [Decorations] CAPPING events from decorations provider vscode.git 2785
[2022-09-02 19:53:32.142] [exthost] [warning] [Decorations] CAPPING events from decorations provider vscode.git 2785
[2022-09-02 19:53:37.414] [exthost] [warning] [Decorations] CAPPING events from decorations provider vscode.git 2785
[2022-09-02 19:53:44.507] [exthost] [warning] [Decorations] CAPPING events from decorations provider vscode.git 2785
[2022-09-02 19:53:49.697] [exthost] [warning] [Decorations] CAPPING events from decorations provider vscode.git 2785
[2022-09-02 19:53:54.931] [exthost] [warning] [Decorations] CAPPING events from decorations provider vscode.git 2785
[2022-09-02 19:54:00.145] [exthost] [warning] [Decorations] CAPPING events from decorations provider vscode.git 2785
[2022-09-02 19:54:05.336] [exthost] [warning] [Decorations] CAPPING events from decorations provider vscode.git 2785
[2022-09-02 19:54:10.517] [exthost] [warning] [Decorations] CAPPING events from decorations provider vscode.git 2785
[2022-09-02 19:54:15.823] [exthost] [warning] [Decorations] CAPPING events from decorations provider vscode.git 2785
[2022-09-02 19:54:21.010] [exthost] [warning] [Decorations] CAPPING events from decorations provider vscode.git 2785
[2022-09-02 19:54:26.206] [exthost] [warning] [Decorations] CAPPING events from decorations provider vscode.git 2785
[2022-09-02 19:54:31.402] [exthost] [warning] [Decorations] CAPPING events from decorations provider vscode.git 2785
[2022-09-02 19:54:36.712] [exthost] [warning] [Decorations] CAPPING events from decorations provider vscode.git 2785
[2022-09-02 19:54:41.927] [exthost] [warning] [Decorations] CAPPING events from decorations provider vscode.git 2785
[2022-09-02 19:54:47.095] [exthost] [warning] [Decorations] CAPPING events from decorations provider vscode.git 2785
[2022-09-02 19:54:52.277] [exthost] [warning] [Decorations] CAPPING events from decorations provider vscode.git 2785
[2022-09-02 19:54:57.503] [exthost] [warning] [Decorations] CAPPING events from decorations provider vscode.git 2785
[2022-09-02 19:55:02.688] [exthost] [warning] [Decorations] CAPPING events from decorations provider vscode.git 2785
[2022-09-02 19:55:07.860] [exthost] [warning] [Decorations] CAPPING events from decorations provider vscode.git 2785
[2022-09-02 19:55:13.024] [exthost] [warning] [Decorations] CAPPING events from decorations provider vscode.git 2785
[2022-09-02 19:55:18.333] [exthost] [warning] [Decorations] CAPPING events from decorations provider vscode.git 2785
[2022-09-02 19:55:25.300] [exthost] [warning] [Decorations] CAPPING events from decorations provider vscode.git 2785
[2022-09-02 19:55:30.461] [exthost] [warning] [Decorations] CAPPING events from decorations provider vscode.git 2785
[2022-09-02 19:55:35.704] [exthost] [warning] [Decorations] CAPPING events from decorations provider vscode.git 2785
[2022-09-02 19:55:42.716] [exthost] [warning] [Decorations] CAPPING events from decorations provider vscode.git 2785
[2022-09-02 19:55:48.009] [exthost] [warning] [Decorations] CAPPING events from decorations provider vscode.git 2785
[2022-09-02 19:55:50.036] [exthost] [warning] [Decorations] CAPPING events from decorations provider vscode.git 2785
[2022-09-02 19:55:53.187] [exthost] [warning] [Decorations] CAPPING events from decorations provider vscode.git 2785
[2022-09-02 19:55:58.466] [exthost] [warning] [Decorations] CAPPING events from decorations provider vscode.git 2785
[2022-09-02 19:56:05.546] [exthost] [warning] [Decorations] CAPPING events from decorations provider vscode.git 2785
[2022-09-02 19:56:10.740] [exthost] [warning] [Decorations] CAPPING events from decorations provider vscode.git 2785
[2022-09-02 19:56:15.940] [exthost] [warning] [Decorations] CAPPING events from decorations provider vscode.git 2785
[2022-09-02 19:56:21.134] [exthost] [warning] [Decorations] CAPPING events from decorations provider vscode.git 2785
[2022-09-02 19:56:26.450] [exthost] [warning] [Decorations] CAPPING events from decorations provider vscode.git 2785
[2022-09-02 19:56:31.813] [exthost] [warning] [Decorations] CAPPING events from decorations provider vscode.git 2785
[2022-09-02 19:56:37.100] [exthost] [warning] [Decorations] CAPPING events from decorations provider vscode.git 2785
[2022-09-02 19:56:42.275] [exthost] [warning] [Decorations] CAPPING events from decorations provider vscode.git 2785
[2022-09-02 19:56:47.463] [exthost] [warning] [Decorations] CAPPING events from decorations provider vscode.git 2785
[2022-09-02 19:56:52.632] [exthost] [warning] [Decorations] CAPPING events from decorations provider vscode.git 2785
[2022-09-02 19:57:33.042] [exthost] [warning] [Decorations] CAPPING events from decorations provider vscode.git 2785
[2022-09-02 19:57:38.235] [exthost] [warning] [Decorations] CAPPING events from decorations provider vscode.git 2785
[2022-09-02 19:57:43.404] [exthost] [warning] [Decorations] CAPPING events from decorations provider vscode.git 2785
[2022-09-02 19:57:48.576] [exthost] [warning] [Decorations] CAPPING events from decorations provider vscode.git 2785
[2022-09-02 19:58:05.534] [exthost] [warning] [Decorations] CAPPING events from decorations provider vscode.git 2785
[2022-09-02 19:58:12.626] [exthost] [warning] [Decorations] CAPPING events from decorations provider vscode.git 2785
[2022-09-02 19:58:17.810] [exthost] [warning] [Decorations] CAPPING events from decorations provider vscode.git 2785
[2022-09-02 19:58:22.978] [exthost] [warning] [Decorations] CAPPING events from decorations provider vscode.git 2785
[2022-09-02 19:58:28.246] [exthost] [warning] [Decorations] CAPPING events from decorations provider vscode.git 2785
[2022-09-02 19:58:35.320] [exthost] [warning] [Decorations] CAPPING events from decorations provider vscode.git 2785
[2022-09-02 19:58:40.475] [exthost] [warning] [Decorations] CAPPING events from decorations provider vscode.git 2785
[2022-09-02 19:58:45.886] [exthost] [warning] [Decorations] CAPPING events from decorations provider vscode.git 2786
[2022-09-02 19:58:50.250] [exthost] [warning] [Decorations] CAPPING events from decorations provider vscode.git 2786
[2022-09-02 19:58:52.848] [exthost] [warning] [Decorations] CAPPING events from decorations provider vscode.git 2786
[2022-09-02 19:58:58.014] [exthost] [warning] [Decorations] CAPPING events from decorations provider vscode.git 2786
[2022-09-02 19:59:03.187] [exthost] [warning] [Decorations] CAPPING events from decorations provider vscode.git 2788
[2022-09-02 19:59:08.408] [exthost] [warning] [Decorations] CAPPING events from decorations provider vscode.git 2788
[2022-09-02 19:59:13.657] [exthost] [warning] [Decorations] CAPPING events from decorations provider vscode.git 2788
[2022-09-02 19:59:18.869] [exthost] [warning] [Decorations] CAPPING events from decorations provider vscode.git 2788
[2022-09-02 19:59:24.048] [exthost] [warning] [Decorations] CAPPING events from decorations provider vscode.git 2788
[2022-09-02 19:59:29.281] [exthost] [warning] [Decorations] CAPPING events from decorations provider vscode.git 2788
[2022-09-02 19:59:34.474] [exthost] [warning] [Decorations] CAPPING events from decorations provider vscode.git 2788
[2022-09-02 19:59:39.700] [exthost] [warning] [Decorations] CAPPING events from decorations provider vscode.git 2788
[2022-09-02 19:59:44.983] [exthost] [warning] [Decorations] CAPPING events from decorations provider vscode.git 2788
[2022-09-02 19:59:50.285] [exthost] [warning] [Decorations] CAPPING events from decorations provider vscode.git 2788
[2022-09-02 19:59:55.483] [exthost] [warning] [Decorations] CAPPING events from decorations provider vscode.git 2788
[2022-09-02 20:00:00.664] [exthost] [warning] [Decorations] CAPPING events from decorations provider vscode.git 2788
[2022-09-02 20:00:05.847] [exthost] [warning] [Decorations] CAPPING events from decorations provider vscode.git 2788
[2022-09-02 20:00:11.016] [exthost] [warning] [Decorations] CAPPING events from decorations provider vscode.git 2788
[2022-09-02 20:00:16.185] [exthost] [warning] [Decorations] CAPPING events from decorations provider vscode.git 2788
[2022-09-02 20:00:21.396] [exthost] [warning] [Decorations] CAPPING events from decorations provider vscode.git 2788
[2022-09-02 20:00:26.612] [exthost] [warning] [Decorations] CAPPING events from decorations provider vscode.git 2788
[2022-09-02 20:00:31.954] [exthost] [warning] [Decorations] CAPPING events from decorations provider vscode.git 2788
[2022-09-02 20:00:39.079] [exthost] [warning] [Decorations] CAPPING events from decorations provider vscode.git 2788
[2022-09-02 20:00:44.248] [exthost] [warning] [Decorations] CAPPING events from decorations provider vscode.git 2788
[2022-09-02 20:00:49.405] [exthost] [warning] [Decorations] CAPPING events from decorations provider vscode.git 2788
[2022-09-02 20:00:54.578] [exthost] [warning] [Decorations] CAPPING events from decorations provider vscode.git 2788
[2022-09-02 20:00:59.777] [exthost] [warning] [Decorations] CAPPING events from decorations provider vscode.git 2788
[2022-09-02 20:01:05.009] [exthost] [warning] [Decorations] CAPPING events from decorations provider vscode.git 2788
[2022-09-02 20:01:10.199] [exthost] [warning] [Decorations] CAPPING events from decorations provider vscode.git 2788
[2022-09-02 20:01:15.361] [exthost] [warning] [Decorations] CAPPING events from decorations provider vscode.git 2788
[2022-09-02 20:01:20.537] [exthost] [warning] [Decorations] CAPPING events from decorations provider vscode.git 2788
[2022-09-02 20:01:25.724] [exthost] [warning] [Decorations] CAPPING events from decorations provider vscode.git 2788
[2022-09-02 20:01:30.907] [exthost] [warning] [Decorations] CAPPING events from decorations provider vscode.git 2788
[2022-09-02 20:01:36.091] [exthost] [warning] [Decorations] CAPPING events from decorations provider vscode.git 2788
[2022-09-02 20:01:41.336] [exthost] [warning] [Decorations] CAPPING events from decorations provider vscode.git 2788
[2022-09-02 20:01:46.523] [exthost] [warning] [Decorations] CAPPING events from decorations provider vscode.git 2788
[2022-09-02 20:01:50.578] [exthost] [warning] [Decorations] CAPPING events from decorations provider vscode.git 2788
[2022-09-02 20:01:53.005] [exthost] [warning] [Decorations] CAPPING events from decorations provider vscode.git 2788
[2022-09-02 20:01:58.197] [exthost] [warning] [Decorations] CAPPING events from decorations provider vscode.git 2788
[2022-09-02 20:02:03.376] [exthost] [warning] [Decorations] CAPPING events from decorations provider vscode.git 2788
[2022-09-02 20:02:08.561] [exthost] [warning] [Decorations] CAPPING events from decorations provider vscode.git 2788
[2022-09-02 20:02:13.790] [exthost] [warning] [Decorations] CAPPING events from decorations provider vscode.git 2788
[2022-09-02 20:02:18.994] [exthost] [warning] [Decorations] CAPPING events from decorations provider vscode.git 2788
[2022-09-02 20:02:24.251] [exthost] [warning] [Decorations] CAPPING events from decorations provider vscode.git 2788
[2022-09-02 20:02:31.291] [exthost] [warning] [Decorations] CAPPING events from decorations provider vscode.git 2788
[2022-09-02 20:02:36.452] [exthost] [warning] [Decorations] CAPPING events from decorations provider vscode.git 2788
[2022-09-02 20:02:41.845] [exthost] [warning] [Decorations] CAPPING events from decorations provider vscode.git 2788
[2022-09-02 20:02:47.080] [exthost] [warning] [Decorations] CAPPING events from decorations provider vscode.git 2788
[2022-09-02 20:02:52.288] [exthost] [warning] [Decorations] CAPPING events from decorations provider vscode.git 2788
[2022-09-02 20:02:57.500] [exthost] [warning] [Decorations] CAPPING events from decorations provider vscode.git 2788
[2022-09-02 20:03:02.679] [exthost] [warning] [Decorations] CAPPING events from decorations provider vscode.git 2788
[2022-09-02 20:03:07.883] [exthost] [warning] [Decorations] CAPPING events from decorations provider vscode.git 2788
[2022-09-02 20:03:13.051] [exthost] [warning] [Decorations] CAPPING events from decorations provider vscode.git 2788
[2022-09-02 20:03:18.224] [exthost] [warning] [Decorations] CAPPING events from decorations provider vscode.git 2788
[2022-09-02 20:03:23.427] [exthost] [warning] [Decorations] CAPPING events from decorations provider vscode.git 2788
[2022-09-02 20:03:28.617] [exthost] [warning] [Decorations] CAPPING events from decorations provider vscode.git 2788
[2022-09-02 20:03:33.779] [exthost] [warning] [Decorations] CAPPING events from decorations provider vscode.git 2788
[2022-09-02 20:03:38.961] [exthost] [warning] [Decorations] CAPPING events from decorations provider vscode.git 2788
[2022-09-02 20:03:44.173] [exthost] [warning] [Decorations] CAPPING events from decorations provider vscode.git 2788
[2022-09-02 20:03:49.534] [exthost] [warning] [Decorations] CAPPING events from decorations provider vscode.git 2788
[2022-09-02 20:03:56.635] [exthost] [warning] [Decorations] CAPPING events from decorations provider vscode.git 2788
[2022-09-02 20:04:01.959] [exthost] [warning] [Decorations] CAPPING events from decorations provider vscode.git 2788
[2022-09-02 20:04:07.157] [exthost] [warning] [Decorations] CAPPING events from decorations provider vscode.git 2788
[2022-09-02 20:04:12.327] [exthost] [warning] [Decorations] CAPPING events from decorations provider vscode.git 2788
[2022-09-02 20:04:17.596] [exthost] [warning] [Decorations] CAPPING events from decorations provider vscode.git 2788
[2022-09-02 20:04:24.773] [exthost] [warning] [Decorations] CAPPING events from decorations provider vscode.git 2788
[2022-09-02 20:04:29.969] [exthost] [warning] [Decorations] CAPPING events from decorations provider vscode.git 2788
[2022-09-02 20:04:35.148] [exthost] [warning] [Decorations] CAPPING events from decorations provider vscode.git 2788
[2022-09-02 20:04:40.337] [exthost] [warning] [Decorations] CAPPING events from decorations provider vscode.git 2788
[2022-09-02 20:04:45.528] [exthost] [warning] [Decorations] CAPPING events from decorations provider vscode.git 2788
[2022-09-02 20:04:50.695] [exthost] [warning] [Decorations] CAPPING events from decorations provider vscode.git 2788
[2022-09-02 20:04:53.073] [exthost] [warning] [Decorations] CAPPING events from decorations provider vscode.git 2788
[2022-09-02 20:04:55.861] [exthost] [warning] [Decorations] CAPPING events from decorations provider vscode.git 2788
[2022-09-02 20:05:01.024] [exthost] [warning] [Decorations] CAPPING events from decorations provider vscode.git 2788
[2022-09-02 20:05:06.236] [exthost] [warning] [Decorations] CAPPING events from decorations provider vscode.git 2788
[2022-09-02 20:05:11.425] [exthost] [warning] [Decorations] CAPPING events from decorations provider vscode.git 2788
[2022-09-02 20:05:16.585] [exthost] [warning] [Decorations] CAPPING events from decorations provider vscode.git 2788
[2022-09-02 20:05:21.904] [exthost] [warning] [Decorations] CAPPING events from decorations provider vscode.git 2788
[2022-09-02 20:05:27.071] [exthost] [warning] [Decorations] CAPPING events from decorations provider vscode.git 2788
[2022-09-02 20:05:32.259] [exthost] [warning] [Decorations] CAPPING events from decorations provider vscode.git 2788
[2022-09-02 20:05:37.463] [exthost] [warning] [Decorations] CAPPING events from decorations provider vscode.git 2788
[2022-09-02 20:05:42.691] [exthost] [warning] [Decorations] CAPPING events from decorations provider vscode.git 2788
[2022-09-02 20:05:47.894] [exthost] [warning] [Decorations] CAPPING events from decorations provider vscode.git 2788
[2022-09-02 20:05:53.064] [exthost] [warning] [Decorations] CAPPING events from decorations provider vscode.git 2788
[2022-09-02 20:05:58.238] [exthost] [warning] [Decorations] CAPPING events from decorations provider vscode.git 2788
[2022-09-02 20:06:30.647] [exthost] [warning] [Decorations] CAPPING events from decorations provider vscode.git 2788
[2022-09-02 20:06:35.828] [exthost] [warning] [Decorations] CAPPING events from decorations provider vscode.git 2788
[2022-09-02 20:06:41.150] [exthost] [warning] [Decorations] CAPPING events from decorations provider vscode.git 2788
[2022-09-02 20:06:48.384] [exthost] [warning] [Decorations] CAPPING events from decorations provider vscode.git 2788
[2022-09-02 20:06:53.563] [exthost] [warning] [Decorations] CAPPING events from decorations provider vscode.git 2788
[2022-09-02 20:06:58.801] [exthost] [warning] [Decorations] CAPPING events from decorations provider vscode.git 2788
[2022-09-02 20:07:06.103] [exthost] [warning] [Decorations] CAPPING events from decorations provider vscode.git 2788
[2022-09-02 20:07:11.272] [exthost] [warning] [Decorations] CAPPING events from decorations provider vscode.git 2788
[2022-09-02 20:07:17.706] [exthost] [warning] [Decorations] CAPPING events from decorations provider vscode.git 2788
[2022-09-02 20:07:23.996] [exthost] [warning] [Decorations] CAPPING events from decorations provider vscode.git 2788
[2022-09-02 20:07:29.215] [exthost] [warning] [Decorations] CAPPING events from decorations provider vscode.git 2788
[2022-09-02 20:07:34.386] [exthost] [warning] [Decorations] CAPPING events from decorations provider vscode.git 2788
[2022-09-02 20:07:39.579] [exthost] [warning] [Decorations] CAPPING events from decorations provider vscode.git 2788
[2022-09-02 20:07:44.823] [exthost] [warning] [Decorations] CAPPING events from decorations provider vscode.git 2788
[2022-09-02 20:07:51.931] [exthost] [warning] [Decorations] CAPPING events from decorations provider vscode.git 2788
[2022-09-02 20:07:55.042] [exthost] [warning] [Decorations] CAPPING events from decorations provider vscode.git 2788
[2022-09-02 20:07:57.151] [exthost] [warning] [Decorations] CAPPING events from decorations provider vscode.git 2788
[2022-09-02 20:08:02.383] [exthost] [warning] [Decorations] CAPPING events from decorations provider vscode.git 2788
[2022-09-02 20:08:07.580] [exthost] [warning] [Decorations] CAPPING events from decorations provider vscode.git 2788
[2022-09-02 20:08:12.791] [exthost] [warning] [Decorations] CAPPING events from decorations provider vscode.git 2788
[2022-09-02 20:08:17.982] [exthost] [warning] [Decorations] CAPPING events from decorations provider vscode.git 2788
[2022-09-02 20:08:23.129] [exthost] [warning] [Decorations] CAPPING events from decorations provider vscode.git 2788
[2022-09-02 20:08:28.407] [exthost] [warning] [Decorations] CAPPING events from decorations provider vscode.git 2788
[2022-09-02 20:08:35.546] [exthost] [warning] [Decorations] CAPPING events from decorations provider vscode.git 2788
[2022-09-02 20:08:40.813] [exthost] [warning] [Decorations] CAPPING events from decorations provider vscode.git 2788
[2022-09-02 20:08:48.085] [exthost] [warning] [Decorations] CAPPING events from decorations provider vscode.git 2788
[2022-09-02 20:08:53.279] [exthost] [warning] [Decorations] CAPPING events from decorations provider vscode.git 2788
[2022-09-02 20:08:58.465] [exthost] [warning] [Decorations] CAPPING events from decorations provider vscode.git 2788
[2022-09-02 20:09:03.735] [exthost] [warning] [Decorations] CAPPING events from decorations provider vscode.git 2788
[2022-09-02 20:09:10.829] [exthost] [warning] [Decorations] CAPPING events from decorations provider vscode.git 2788
[2022-09-02 20:09:16.017] [exthost] [warning] [Decorations] CAPPING events from decorations provider vscode.git 2788
[2022-09-02 20:09:21.213] [exthost] [warning] [Decorations] CAPPING events from decorations provider vscode.git 2788
[2022-09-02 20:09:26.432] [exthost] [warning] [Decorations] CAPPING events from decorations provider vscode.git 2788
[2022-09-02 20:09:31.774] [exthost] [warning] [Decorations] CAPPING events from decorations provider vscode.git 2788
[2022-09-02 20:09:36.971] [exthost] [warning] [Decorations] CAPPING events from decorations provider vscode.git 2788
[2022-09-02 20:09:42.120] [exthost] [warning] [Decorations] CAPPING events from decorations provider vscode.git 2788
[2022-09-02 20:09:47.322] [exthost] [warning] [Decorations] CAPPING events from decorations provider vscode.git 2788
[2022-09-02 20:09:52.494] [exthost] [warning] [Decorations] CAPPING events from decorations provider vscode.git 2788
[2022-09-02 20:09:57.770] [exthost] [warning] [Decorations] CAPPING events from decorations provider vscode.git 2788
[2022-09-02 20:10:02.951] [exthost] [warning] [Decorations] CAPPING events from decorations provider vscode.git 2788
[2022-09-02 20:10:08.123] [exthost] [warning] [Decorations] CAPPING events from decorations provider vscode.git 2788
[2022-09-02 20:10:13.296] [exthost] [warning] [Decorations] CAPPING events from decorations provider vscode.git 2788
[2022-09-02 20:10:18.480] [exthost] [warning] [Decorations] CAPPING events from decorations provider vscode.git 2788
