[2022-09-01 16:11:27.119] [exthost] [info] Extension host with pid 6597 started
[2022-09-01 16:11:27.410] [exthost] [info] ExtensionService#_doActivateExtension vscode.debug-auto-launch, startup: true, activationEvent: '*'
[2022-09-01 16:11:27.447] [exthost] [info] ExtensionService#_doActivateExtension vscode.git-base, startup: true, activationEvent: '*', root cause: vscode.git
[2022-09-01 16:11:27.461] [exthost] [info] ExtensionService#_doActivateExtension vscode.ipynb, startup: true, activationEvent: '*'
[2022-09-01 16:11:27.517] [exthost] [info] ExtensionService#_doActivateExtension redhat.vscode-yaml, startup: true, activationEvent: '*', root cause: mindaro.mindaro
[2022-09-01 16:11:27.786] [exthost] [info] ExtensionService#_doActivateExtension mindaro-dev.file-downloader, startup: true, activationEvent: '*', root cause: mindaro.mindaro
[2022-09-01 16:11:28.143] [exthost] [info] ExtensionService#_doActivateExtension vscode.git, startup: true, activationEvent: '*'
[2022-09-01 16:11:28.385] [exthost] [info] ExtensionService#_doActivateExtension vscode.github, startup: true, activationEvent: '*'
[2022-09-01 16:11:28.431] [exthost] [info] ExtensionService#_doActivateExtension ms-kubernetes-tools.vscode-kubernetes-tools, startup: true, activationEvent: '*', root cause: mindaro.mindaro
[2022-09-01 16:11:29.677] [exthost] [warning] [redhat.vscode-yaml] Accessing a resource scoped configuration without providing a resource is not expected. To get the effective value for '[yaml]', provide the URI of a resource or 'null' for any resource.
[2022-09-01 16:11:29.732] [exthost] [warning] [redhat.vscode-yaml] Accessing a resource scoped configuration without providing a resource is not expected. To get the effective value for '[yaml]', provide the URI of a resource or 'null' for any resource.
[2022-09-01 16:11:29.788] [exthost] [warning] [redhat.vscode-yaml] Accessing a resource scoped configuration without providing a resource is not expected. To get the effective value for '[yaml]', provide the URI of a resource or 'null' for any resource.
[2022-09-01 16:11:29.831] [exthost] [warning] [redhat.vscode-yaml] Accessing a resource scoped configuration without providing a resource is not expected. To get the effective value for '[yaml]', provide the URI of a resource or 'null' for any resource.
[2022-09-01 16:11:29.836] [exthost] [warning] [redhat.vscode-yaml] Accessing a resource scoped configuration without providing a resource is not expected. To get the effective value for '[yaml]', provide the URI of a resource or 'null' for any resource.
[2022-09-01 16:11:30.950] [exthost] [info] ExtensionService#_doActivateExtension mindaro.mindaro, startup: true, activationEvent: '*'
[2022-09-01 16:11:36.620] [exthost] [info] ExtensionService#_doActivateExtension vscode.emmet, startup: false, activationEvent: 'onStartupFinished'
[2022-09-01 16:11:36.722] [exthost] [info] ExtensionService#_doActivateExtension vscode.merge-conflict, startup: false, activationEvent: 'onStartupFinished'
[2022-09-01 16:11:36.781] [exthost] [info] Eager extensions activated
[2022-09-01 16:12:39.967] [exthost] [info] Extension host terminating: received terminate message from renderer
[2022-09-01 16:12:40.039] [exthost] [info] Extension host with pid 6597 exiting with code 0
